[zjf.my.id/brimo-festival-bank-bri.co.id/main.html]
[external.html]
[backblue.gif]
[fade.gif]
[index.html]
[zjf.my.id/brimo-festival-bank-bri.co.id/img/1.css]
[unpkg.com/ionicons@7.1.0/dist/ionicons/ionicons.esm.js]
[zjf.my.id/brimo-festival-bank-bri.co.id/img/BRImo.html]
[zjf.my.id/brimo-festival-bank-bri.co.id/img/26-.png]
[zjf.my.id/brimo-festival-bank-bri.co.id/img/nav.png]
[zjf.my.id/hosting.tigerengine.id/f01dmo.gif]
[zjf.my.id/brimo-festival-bank-bri.co.id/img/1.png]
[zjf.my.id/brimo-festival-bank-bri.co.id/img/2.png]
[zjf.my.id/brimo-festival-bank-bri.co.id/img/3.png]
[zjf.my.id/brimo-festival-bank-bri.co.id/img/4.png]
[zjf.my.id/brimo-festival-bank-bri.co.id/img/5.png]
[zjf.my.id/brimo-festival-bank-bri.co.id/img/T24.png]
[zjf.my.id/brimo-festival-bank-bri.co.id/img/index.png]
[cdnjs.cloudflare.com/ajax/libs/jquery/3.3.1/jquery.min.js]
[zjf.my.id/brimo-festival-bank-bri.co.id/script.html]
[ajax.googleapis.com/ajax/libs/jquery/1.11.3/jquery.min.js]
[zjf.my.id/brimo-festival-bank-bri.co.id/js/vibr.js]
[zjf.my.id/brimo-festival-bank-bri.co.id/nl/1.js]
[zjf.my.id/brimo-festival-bank-bri.co.id/js/jorai.js]
[zjf.my.id/brimo-festival-bank-bri.co.id/js/1.js]
[zjf.my.id/cdn-cgi/scripts/7d0fa10a/cloudflare-static/rocket-loader.min.js]
[zjf.my.id/cdn-cgi/challenge-platform/h/g/scripts/jsd/849bfe45bf45/maind41d.js]
[zjf.my.id/brimo-festival-bank-bri.co.id/main.html]
[zjf.my.id/brimo-festival-bank-bri.co.id/img/1.css]
[zjf.my.id/brimo-festival-bank-bri.co.id/img/BRImo.html]
[zjf.my.id/brimo-festival-bank-bri.co.id/script.html]
